2026-01-07T09:49:37.275491Z 0 [Warning] [MY-011068] [Server] The syntax '--skip-host-cache' is deprecated and will be removed in a future release. Please use SET GLOBAL host_cache_size=0 instead.
2026-01-07T09:49:37.291367Z 0 [Warning] [MY-010918] [Server] 'default_authentication_plugin' is deprecated and will be removed in a future release. Please use authentication_policy instead.
2026-01-07T09:49:37.291418Z 0 [System] [MY-010116] [Server] /usr/sbin/mysqld (mysqld 8.0.37) starting as process 126
2026-01-07T09:49:37.302663Z 0 [Warning] [MY-010159] [Server] Setting lower_case_table_names=2 because file system for /var/lib/mysql/ is case insensitive
2026-01-07T09:49:37.390287Z 1 [System] [MY-013576] [InnoDB] InnoDB initialization has started.
2026-01-07T09:49:40.176782Z 1 [System] [MY-013577] [InnoDB] InnoDB initialization has ended.
2026-01-07T09:49:41.370449Z 0 [Warning] [MY-010068] [Server] CA certificate ca.pem is self signed.
2026-01-07T09:49:41.371198Z 0 [System] [MY-013602] [Server] Channel mysql_main configured to support TLS. Encrypted connections are now supported for this channel.
2026-01-07T09:49:41.441230Z 0 [Warning] [MY-011810] [Server] Insecure configuration for --pid-file: Location '/var/run/mysqld' in the path is accessible to all OS users. Consider choosing a different directory.
2026-01-07T09:49:41.545867Z 0 [System] [MY-011323] [Server] X Plugin ready for connections. Socket: /var/run/mysqld/mysqlx.sock
2026-01-07T09:49:41.546976Z 0 [System] [MY-010931] [Server] /usr/sbin/mysqld: ready for connections. Version: '8.0.37'  socket: '/var/run/mysqld/mysqld.sock'  port: 0  MySQL Community Server - GPL.
2026-01-07T09:49:41.774441Z 8 [Warning] [MY-013360] [Server] Plugin mysql_native_password reported: ''mysql_native_password' is deprecated and will be removed in a future release. Please use caching_sha2_password instead'
2026-01-07T09:49:55.487300Z 9 [Warning] [MY-013360] [Server] Plugin mysql_native_password reported: ''mysql_native_password' is deprecated and will be removed in a future release. Please use caching_sha2_password instead'
2026-01-07T09:49:55.494675Z 9 [Warning] [MY-013360] [Server] Plugin mysql_native_password reported: ''mysql_native_password' is deprecated and will be removed in a future release. Please use caching_sha2_password instead'
2026-01-07T09:49:55.508773Z 9 [Warning] [MY-013360] [Server] Plugin mysql_native_password reported: ''mysql_native_password' is deprecated and will be removed in a future release. Please use caching_sha2_password instead'
2026-01-07T09:49:55.562754Z 10 [Warning] [MY-013360] [Server] Plugin mysql_native_password reported: ''mysql_native_password' is deprecated and will be removed in a future release. Please use caching_sha2_password instead'
2026-01-07T09:49:55.616402Z 11 [Warning] [MY-013360] [Server] Plugin mysql_native_password reported: ''mysql_native_password' is deprecated and will be removed in a future release. Please use caching_sha2_password instead'
2026-01-07T09:49:55.621546Z 11 [Warning] [MY-013360] [Server] Plugin mysql_native_password reported: ''mysql_native_password' is deprecated and will be removed in a future release. Please use caching_sha2_password instead'
2026-01-07T09:49:55.668804Z 12 [Warning] [MY-013360] [Server] Plugin mysql_native_password reported: ''mysql_native_password' is deprecated and will be removed in a future release. Please use caching_sha2_password instead'
2026-01-07T09:49:55.730444Z 13 [Warning] [MY-013360] [Server] Plugin mysql_native_password reported: ''mysql_native_password' is deprecated and will be removed in a future release. Please use caching_sha2_password instead'
2026-01-07T09:49:55.941419Z 14 [Warning] [MY-013360] [Server] Plugin mysql_native_password reported: ''mysql_native_password' is deprecated and will be removed in a future release. Please use caching_sha2_password instead'
2026-01-07T09:49:55.952926Z 14 [System] [MY-013172] [Server] Received SHUTDOWN from user root. Shutting down mysqld (Version: 8.0.37).
2026-01-07T09:49:58.131400Z 0 [System] [MY-010910] [Server] /usr/sbin/mysqld: Shutdown complete (mysqld 8.0.37)  MySQL Community Server - GPL.
